[      47ms] ReferenceError: getTodayStr is not defined
    at renderManageStats (http://localhost:8080/js/ui/render.js:399:19)
    at renderManage (http://localhost:8080/js/ui/render.js:389:5)
    at render (http://localhost:8080/js/ui/render.js:22:5)
    at http://localhost:8080/js/compat.js:28:5
    at http://localhost:8080/js/compat.js:39:3
[      50ms] ReferenceError: getTodayStr is not defined
    at renderManageStats (http://localhost:8080/js/ui/render.js:399:19)
    at renderManage (http://localhost:8080/js/ui/render.js:389:5)
    at Object.render (http://localhost:8080/js/ui/render.js:22:5)
    at HTMLDocument.initApp (http://localhost:8080/js/main.js:4:19)
[     205ms] [ERROR] Failed to load resource: the server responded with a status of 404 (File not found) @ http://localhost:8080/css/_shared/fonts/InstrumentSans-Regular.ttf:0
[     259ms] [ERROR] Failed to load resource: the server responded with a status of 404 (File not found) @ http://localhost:8080/favicon.ico:0
[   26409ms] [ERROR] Failed to load resource: the server responded with a status of 404 (File not found) @ http://localhost:8080/css/_shared/fonts/InstrumentSans-Regular.ttf:0
[   26413ms] ReferenceError: getTodayStr is not defined
    at renderManageStats (http://localhost:8080/js/ui/render.js:399:19)
    at renderManage (http://localhost:8080/js/ui/render.js:389:5)
    at render (http://localhost:8080/js/ui/render.js:22:5)
    at http://localhost:8080/js/compat.js:28:5
    at http://localhost:8080/js/compat.js:39:3
[   26417ms] ReferenceError: getTodayStr is not defined
    at renderManageStats (http://localhost:8080/js/ui/render.js:399:19)
    at renderManage (http://localhost:8080/js/ui/render.js:389:5)
    at Object.render (http://localhost:8080/js/ui/render.js:22:5)
    at HTMLDocument.initApp (http://localhost:8080/js/main.js:4:19)
